<?xml version="1.0" encoding="UTF-8"?>
<testng-results skipped="0" failed="0" total="2" passed="2">
  <reporter-output>
  </reporter-output>
  <suite name="FirstTestSuite" duration-ms="8837" started-at="2020-03-08T10:04:59Z" finished-at="2020-03-08T10:05:08Z">
    <groups>
    </groups>
    <test name="NegativeTestcaseTestngTest1" duration-ms="8837" started-at="2020-03-08T10:04:59Z" finished-at="2020-03-08T10:05:08Z">
      <class name="com.qa.newframework.TC001">
        <test-method status="PASS" signature="setUp(java.lang.String, org.testng.ITestContext)[pri:0, instance:com.qa.newframework.TC001@71c7db30]" name="setUp" duration-ms="2849" started-at="2020-03-08T15:34:59Z" finished-at="2020-03-08T15:35:02Z">
          <params>
            <param index="0">
              <value>
                <![CDATA[chrome]]>
              </value>
            </param>
            <param index="1">
              <value>
                <![CDATA[org.testng.TestRunner@2c6a3f77]]>
              </value>
            </param>
          </params>
          <reporter-output>
          </reporter-output>
        </test-method> <!-- setUp -->
        <test-method status="PASS" signature="TC001_NegativeTest(java.lang.String, java.lang.String, java.lang.String)[pri:0, instance:com.qa.newframework.TC001@71c7db30]" name="TC001_NegativeTest" duration-ms="5223" started-at="2020-03-08T15:35:02Z" finished-at="2020-03-08T15:35:07Z">
          <params>
            <param index="0">
              <value>
                <![CDATA[incorrectUsername]]>
              </value>
            </param>
            <param index="1">
              <value>
                <![CDATA[SuperSecretPassword!]]>
              </value>
            </param>
            <param index="2">
              <value>
                <![CDATA[Your username is invalid!]]>
              </value>
            </param>
          </params>
          <reporter-output>
          </reporter-output>
        </test-method> <!-- TC001_NegativeTest -->
        <test-method status="PASS" signature="tearDown()[pri:0, instance:com.qa.newframework.TC001@71c7db30]" name="tearDown" is-config="true" duration-ms="751" started-at="2020-03-08T15:35:07Z" finished-at="2020-03-08T15:35:08Z">
          <reporter-output>
          </reporter-output>
        </test-method> <!-- tearDown -->
      </class> <!-- com.qa.newframework.TC001 -->
    </test> <!-- NegativeTestcaseTestngTest1 -->
  </suite> <!-- FirstTestSuite -->
</testng-results>
