<?xml version="1.0" encoding="UTF-8"?>
<testng-results skipped="0" failed="0" total="2" passed="2">
  <reporter-output>
  </reporter-output>
  <suite name="FirstTestSuite" duration-ms="13507" started-at="2020-03-05T18:33:18Z" finished-at="2020-03-05T18:33:32Z">
    <groups>
    </groups>
    <test name="NegativeTestcaseTestngTest1" duration-ms="13507" started-at="2020-03-05T18:33:18Z" finished-at="2020-03-05T18:33:32Z">
      <class name="com.qa.newframework.TC001">
        <test-method status="PASS" signature="setUp(java.lang.String)[pri:0, instance:com.qa.newframework.TC001@47f37ef1]" name="setUp" duration-ms="7397" started-at="2020-03-06T00:03:18Z" finished-at="2020-03-06T00:03:26Z">
          <params>
            <param index="0">
              <value>
                <![CDATA[chrome]]>
              </value>
            </param>
          </params>
          <reporter-output>
          </reporter-output>
        </test-method> <!-- setUp -->
        <test-method status="PASS" signature="TC001_NegativeTest(java.lang.String, java.lang.String, java.lang.String)[pri:0, instance:com.qa.newframework.TC001@47f37ef1]" name="TC001_NegativeTest" duration-ms="5224" started-at="2020-03-06T00:03:26Z" finished-at="2020-03-06T00:03:31Z">
          <params>
            <param index="0">
              <value>
                <![CDATA[incorrectUsername]]>
              </value>
            </param>
            <param index="1">
              <value>
                <![CDATA[SuperSecretPassword!]]>
              </value>
            </param>
            <param index="2">
              <value>
                <![CDATA[Your username is invalid!]]>
              </value>
            </param>
          </params>
          <reporter-output>
          </reporter-output>
        </test-method> <!-- TC001_NegativeTest -->
        <test-method status="PASS" signature="tearDown()[pri:0, instance:com.qa.newframework.TC001@47f37ef1]" name="tearDown" is-config="true" duration-ms="872" started-at="2020-03-06T00:03:31Z" finished-at="2020-03-06T00:03:32Z">
          <reporter-output>
          </reporter-output>
        </test-method> <!-- tearDown -->
      </class> <!-- com.qa.newframework.TC001 -->
    </test> <!-- NegativeTestcaseTestngTest1 -->
  </suite> <!-- FirstTestSuite -->
</testng-results>
